2025-07-16 18:01:05,456 - server - INFO - Socket.IO: running without Redis message queue
2025-07-16 18:01:05,458 - db_saver - INFO - Использую базу данных: postgresql://postgres:secret@176.109.110.217:1112/postgres
2025-07-16 18:01:12,068 - db_saver - INFO - Таблицы созданы (или уже существуют)
2025-07-16 18:01:14,885 - care_future_models - INFO - БД калькулятора НСЖ инициализирована: {'survival_coefficients_count': 16, 'risk_tariffs_count': 16, 'redemption_terms_count': 16, 'available_terms': [5, 6, 7, 8, 9, 10, 11, 12, 13, 14, 15, 16, 17, 18, 19, 20], 'calculations_count': 115}
2025-07-16 18:01:15,220 - NSJCalculator - INFO -    Премия: 960,000 руб.
2025-07-16 18:01:15,220 - NSJCalculator - INFO -    Срок: 5 лет
2025-07-16 18:01:15,221 - NSJCalculator - INFO -    Коэффициент дожития: 1.34
2025-07-16 18:01:15,221 - NSJCalculator - INFO -    Результат: 960000 * 5 * 1.34 = 6,432,000 руб.
2025-07-16 18:01:16,165 - care_future_routes_updated - INFO -   - POST /api/care-future/calculate (исправленная логика)
2025-07-16 18:01:16,165 - care_future_routes_updated - INFO -   - GET  /api/care-future/test-excel-logic
2025-07-16 18:01:16,166 - care_future_routes_updated - INFO -   - GET  /api/care-future/admin/status
2025-07-16 18:01:16,181 - justincase_calculator - INFO -    Тариф на 1000: 8.5620
2025-07-16 18:01:16,181 - justincase_calculator - INFO -    Net-премия: 8562.00 руб.
2025-07-16 18:01:16,181 - justincase_calculator - INFO -    Gross-премия: 13172.31 руб.
2025-07-16 18:01:16,185 - justincase_routes - INFO -   - POST /api/proxy/calculator/save (основной, для фронтенда)
2025-07-16 18:01:16,185 - justincase_routes - INFO -   - POST /api/justincase/calculate (расширенный)
2025-07-16 18:01:16,185 - justincase_routes - INFO -   - POST /api/justincase/validate (валидация)
2025-07-16 18:01:16,185 - justincase_routes - INFO -   - POST /api/justincase/validate-sum (валидация суммы)
2025-07-16 18:01:16,185 - justincase_routes - INFO -   - POST /api/justincase/recommend-sum (рекомендуемая сумма)
2025-07-16 18:01:16,185 - justincase_routes - INFO -   - GET  /api/justincase/config (конфигурация)
2025-07-16 18:01:16,186 - justincase_routes - INFO -   - GET  /api/justincase/test (тестирование)
2025-07-16 18:01:16,186 - justincase_routes - INFO -   - GET  /api/justincase/status (статус)
2025-07-16 18:06:24,383 - server - INFO - Socket.IO: running without Redis message queue
2025-07-16 18:06:24,384 - db_saver - INFO - РСЃРїРѕР»СЊР·СѓСЋ Р±Р°Р·Сѓ РґР°РЅРЅС‹С…: postgresql://postgres:secret@176.109.110.217:1112/postgres
2025-07-16 18:06:31,115 - db_saver - INFO - РўР°Р±Р»РёС†С‹ СЃРѕР·РґР°РЅС‹ (РёР»Рё СѓР¶Рµ СЃСѓС‰РµСЃС‚РІСѓСЋС‚)
2025-07-16 18:06:33,985 - care_future_models - INFO - Р‘Р” РєР°Р»СЊРєСѓР»СЏС‚РѕСЂР° РќРЎР– РёРЅРёС†РёР°Р»РёР·РёСЂРѕРІР°РЅР°: {'survival_coefficients_count': 16, 'risk_tariffs_count': 16, 'redemption_terms_count': 16, 'available_terms': [5, 6, 7, 8, 9, 10, 11, 12, 13, 14, 15, 16, 17, 18, 19, 20], 'calculations_count': 116}
2025-07-16 18:06:34,305 - care_future_routes_updated - INFO - вњ… Care Future routes СЃ РёСЃРїСЂР°РІР»РµРЅРЅРѕР№ Р»РѕРіРёРєРѕР№ Р·Р°СЂРµРіРёСЃС‚СЂРёСЂРѕРІР°РЅС‹ СѓСЃРїРµС€РЅРѕ
2025-07-16 18:06:34,305 - NSJCalculator - INFO - рџ§® РќР°С‡РёРЅР°РµРј СЂР°СЃС‡РµС‚: from_premium, СЃСѓРјРјР°: 960000, СЃСЂРѕРє: 5
2025-07-16 18:06:34,305 - NSJCalculator - INFO - рџ“… Р’РѕР·СЂР°СЃС‚ РЅР° РЅР°С‡Р°Р»Рѕ: 35, РЅР° РѕРєРѕРЅС‡Р°РЅРёРµ: 40
2025-07-16 18:06:34,305 - NSJCalculator - INFO - рџ“Љ Р Р°СЃС‡РµС‚ СЃС‚СЂР°С…РѕРІРѕР№ СЃСѓРјРјС‹:
2025-07-16 18:06:34,305 - NSJCalculator - INFO -    РџСЂРµРјРёСЏ: 960,000 СЂСѓР±.
2025-07-16 18:06:34,305 - NSJCalculator - INFO -    РЎСЂРѕРє: 5 Р»РµС‚
2025-07-16 18:06:34,306 - NSJCalculator - INFO -    РљРѕСЌС„С„РёС†РёРµРЅС‚ РґРѕР¶РёС‚РёСЏ: 1.34
2025-07-16 18:06:34,306 - NSJCalculator - INFO -    Р РµР·СѓР»СЊС‚Р°С‚: 960000 * 5 * 1.34 = 6,432,000 СЂСѓР±.
2025-07-16 18:06:34,306 - NSJCalculator - INFO - рџ’° РџСЂРµРјРёСЏ: 960000, РЎС‚СЂР°С…РѕРІР°СЏ СЃСѓРјРјР°: 6432000
2025-07-16 18:06:34,306 - NSJCalculator - INFO - рџ“Љ РљСЌС€Р±СЌРє РґР»СЏ СЃСЂРѕРєР° 5 Р»РµС‚: 0.3400
2025-07-16 18:06:34,306 - NSJCalculator - INFO - рџ’° РќР°Р»РѕРіРѕРІС‹Р№ РІС‹С‡РµС‚: 19500/РіРѕРґ Г— 5 Р»РµС‚ = 97500
2025-07-16 18:06:35,263 - NSJCalculator - INFO - рџ’ѕ Р Р°СЃС‡РµС‚ СЃРѕС…СЂР°РЅРµРЅ РІ Р‘Р”: f7a37274-3e9f-400b-bcae-df9a882b7c16
2025-07-16 18:06:35,264 - NSJCalculator - INFO - вњ… Р Р°СЃС‡РµС‚ Р·Р°РІРµСЂС€РµРЅ СѓСЃРїРµС€РЅРѕ: f7a37274-3e9f-400b-bcae-df9a882b7c16
2025-07-16 18:06:35,264 - care_future_routes_updated - INFO - вњ… РСЃРїСЂР°РІР»РµРЅРЅС‹Р№ РєР°Р»СЊРєСѓР»СЏС‚РѕСЂ РќРЎР– РіРѕС‚РѕРІ Рє СЂР°Р±РѕС‚Рµ: f7a37274-3e9f-400b-bcae-df9a882b7c16
2025-07-16 18:06:35,264 - care_future_routes_updated - INFO - рџ“Ќ Р”РѕСЃС‚СѓРїРЅС‹Рµ endpoints:
2025-07-16 18:06:35,264 - care_future_routes_updated - INFO -   - POST /api/care-future/calculate (РёСЃРїСЂР°РІР»РµРЅРЅР°СЏ Р»РѕРіРёРєР°)
2025-07-16 18:06:35,264 - care_future_routes_updated - INFO -   - GET  /api/care-future/test-excel-logic
2025-07-16 18:06:35,264 - care_future_routes_updated - INFO -   - GET  /api/care-future/admin/status
2025-07-16 18:06:35,266 - justincase_routes - INFO - вњ… РњР°СЂС€СЂСѓС‚С‹ РїРѕР»РЅРѕРіРѕ РєР°Р»СЊРєСѓР»СЏС‚РѕСЂР° 'РќР° РІСЃСЏРєРёР№ СЃР»СѓС‡Р°Р№' Р·Р°СЂРµРіРёСЃС‚СЂРёСЂРѕРІР°РЅС‹
2025-07-16 18:06:35,266 - justincase_calculator - INFO - рџљЂ РРЅРёС†РёР°Р»РёР·Р°С†РёСЏ РїРѕР»РЅРѕРіРѕ РєР°Р»СЊРєСѓР»СЏС‚РѕСЂР° 'РќР° РІСЃСЏРєРёР№ СЃР»СѓС‡Р°Р№'
2025-07-16 18:06:35,266 - justincase_calculator - INFO - вњ… Р’СЃРµ РєРѕСЌС„С„РёС†РёРµРЅС‚С‹ Рё С‚Р°Р±Р»РёС†С‹ Р·Р°РіСЂСѓР¶РµРЅС‹
2025-07-16 18:06:35,266 - justincase_calculator - INFO - рџ“Љ РђРєС‚СѓР°СЂРЅС‹Рµ С‚Р°Р±Р»РёС†С‹: 15 РІРѕР·СЂР°СЃС‚РѕРІ РјСѓР¶С‡РёРЅ, 15 РІРѕР·СЂР°СЃС‚РѕРІ Р¶РµРЅС‰РёРЅ
2025-07-16 18:06:35,266 - justincase_calculator - INFO - вљ™пёЏ РљР’ РєРѕСЌС„С„РёС†РёРµРЅС‚С‹: 30 СЃСЂРѕРєРѕРІ
2025-07-16 18:06:35,267 - justincase_calculator - INFO - рџЋЇ РўР°СЂРёС„С‹ РќРЎ: 4 РІРёРґРѕРІ
2025-07-16 18:06:35,267 - justincase_calculator - INFO - рџЏҐ РўР°СЂРёС„С‹ РљР—: 2 СЂРµРіРёРѕРЅРѕРІ
2025-07-16 18:06:35,268 - justincase_calculator - INFO - вњ… Р’Р°Р»РёРґР°С†РёСЏ РІС…РѕРґРЅС‹С… РґР°РЅРЅС‹С… РїСЂРѕР№РґРµРЅР°
2025-07-16 18:06:35,268 - justincase_calculator - INFO - рџљЂ РќР°С‡РёРЅР°РµРј РїРѕР»РЅС‹Р№ СЂР°СЃС‡РµС‚ РїСЂРѕРіСЂР°РјРјС‹ 'РќР° РІСЃСЏРєРёР№ СЃР»СѓС‡Р°Р№'
2025-07-16 18:06:35,268 - justincase_calculator - INFO - рџ“ќ Р’С…РѕРґРЅС‹Рµ РґР°РЅРЅС‹Рµ: ['birthDate', 'gender', 'insuranceInfo', 'insuranceTerm', 'insuranceSum']
2025-07-16 18:06:35,268 - justincase_calculator - INFO - рџ‘¤ РљР»РёРµРЅС‚: 35 Р»РµС‚, male, СЃСѓРјРјР° 1,000,000, СЃСЂРѕРє 5 Р»РµС‚
2025-07-16 18:06:35,268 - justincase_calculator - INFO - рџ“Љ Р‘Р°Р·РѕРІР°СЏ РїСЂРµРјРёСЏ: РІРѕР·СЂР°СЃС‚ 35, РїРѕР» male, СЃСЂРѕРє 5
2025-07-16 18:06:35,268 - justincase_calculator - INFO -    РўР°СЂРёС„ РЅР° 1000: 8.5620
2025-07-16 18:06:35,269 - justincase_calculator - INFO -    Net-РїСЂРµРјРёСЏ: 8562.00 СЂСѓР±.
2025-07-16 18:06:35,269 - justincase_calculator - INFO -    Gross-РїСЂРµРјРёСЏ: 13172.31 СЂСѓР±.
2025-07-16 18:06:35,269 - justincase_calculator - INFO - рџ’° РС‚РѕРіРѕРІР°СЏ РїСЂРµРјРёСЏ: 13172.31 СЂСѓР±. (Р•Р¶РµРіРѕРґРЅРѕ)
2025-07-16 18:06:35,269 - justincase_calculator - INFO - вњ… Р Р°СЃС‡РµС‚ РїСЂРѕРіСЂР°РјРјС‹ Р·Р°РІРµСЂС€РµРЅ СѓСЃРїРµС€РЅРѕ
2025-07-16 18:06:35,269 - justincase_routes - INFO - вњ… РџРѕР»РЅС‹Р№ РєР°Р»СЊРєСѓР»СЏС‚РѕСЂ РіРѕС‚РѕРІ: С‚РµСЃС‚-РїСЂРµРјРёСЏ 13,172.31 СЂСѓР±.
2025-07-16 18:06:35,270 - justincase_routes - INFO - рџ“Ќ Р”РѕСЃС‚СѓРїРЅС‹Рµ endpoints:
2025-07-16 18:06:35,270 - justincase_routes - INFO -   - POST /api/proxy/calculator/save (РѕСЃРЅРѕРІРЅРѕР№, РґР»СЏ С„СЂРѕРЅС‚РµРЅРґР°)
2025-07-16 18:06:35,270 - justincase_routes - INFO -   - POST /api/justincase/calculate (СЂР°СЃС€РёСЂРµРЅРЅС‹Р№)
2025-07-16 18:06:35,270 - justincase_routes - INFO -   - POST /api/justincase/validate (РІР°Р»РёРґР°С†РёСЏ)
2025-07-16 18:06:35,270 - justincase_routes - INFO -   - POST /api/justincase/validate-sum (РІР°Р»РёРґР°С†РёСЏ СЃСѓРјРјС‹)
2025-07-16 18:06:35,270 - justincase_routes - INFO -   - POST /api/justincase/recommend-sum (СЂРµРєРѕРјРµРЅРґСѓРµРјР°СЏ СЃСѓРјРјР°)
2025-07-16 18:06:35,270 - justincase_routes - INFO -   - GET  /api/justincase/config (РєРѕРЅС„РёРіСѓСЂР°С†РёСЏ)
2025-07-16 18:06:35,270 - justincase_routes - INFO -   - GET  /api/justincase/test (С‚РµСЃС‚РёСЂРѕРІР°РЅРёРµ)
2025-07-16 18:06:35,270 - justincase_routes - INFO -   - GET  /api/justincase/status (СЃС‚Р°С‚СѓСЃ)
2025-07-16 18:06:35,274 - server - INFO - рџљЂ Starting MiniApp Server...
2025-07-16 18:06:35,274 - server - INFO - вњ… Build folder found with 3 items
2025-07-16 18:06:35,274 - server - INFO - рџ“§ Email configured: rgszh-miniapp@yandex.ru -> zerotlt@mail.ru, Polina.Iureva@rgsl.ru
2025-07-16 18:06:35,274 - server - INFO - рџ“§ Additional recipient configured: Polina.Iureva@rgsl.ru
2025-07-16 18:06:35,274 - server - INFO - рџ§® Care Future РєР°Р»СЊРєСѓР»СЏС‚РѕСЂ РќРЎР–: Р”РћРЎРўРЈРџР•Рќ
2025-07-16 18:06:35,274 - server - INFO - рџ“Ќ Endpoints: /api/care-future/* Рё /care-future/calculate
2025-07-16 18:06:35,276 - server - INFO - рџ“Ќ Server will run on port 4000
2025-07-16 18:06:35,276 - server - INFO - рџ“Ќ Open http://localhost:4000/ in your browser
2025-07-16 18:07:02,004 - server - INFO - рџ“Ё OPTIONS /api/justincase/calculate - 127.0.0.1
2025-07-16 18:07:02,004 - server - INFO - рџ“¤ OPTIONS /api/justincase/calculate -> 200
2025-07-16 18:07:02,256 - server - INFO - рџ“Ё POST /api/justincase/calculate - 127.0.0.1
2025-07-16 18:07:02,256 - server - INFO -    рџ“‹ JSON keys: ['birthDate', 'gender', 'insuranceInfo', 'insuranceTerm', 'insuranceSum', 'insuranceFrequency', 'accidentPackage', 'criticalPackage', 'treatmentRegion', 'sportPackage', 'hasJob', 'income2021', 'income2022', 'income2023', 'scholarship', 'unsecuredLoans', 'breadwinnerStatus', 'incomeShare', 'childrenCount', 'specialCareRelatives']
2025-07-16 18:07:02,256 - justincase_routes - INFO - рџЋЇ === Р РђРЎРЁРР Р•РќРќР«Р™ Р РђРЎР§Р•Рў ===
2025-07-16 18:07:02,256 - justincase_routes - INFO - рџ“‹ Content-Type: application/json
2025-07-16 18:07:02,256 - justincase_routes - INFO - рџ“Ґ JSON РїРѕР»СѓС‡РµРЅ: ['birthDate', 'gender', 'insuranceInfo', 'insuranceTerm', 'insuranceSum', 'insuranceFrequency', 'accidentPackage', 'criticalPackage', 'treatmentRegion', 'sportPackage', 'hasJob', 'income2021', 'income2022', 'income2023', 'scholarship', 'unsecuredLoans', 'breadwinnerStatus', 'incomeShare', 'childrenCount', 'specialCareRelatives']
2025-07-16 18:07:02,256 - justincase_calculator - INFO - рџљЂ РРЅРёС†РёР°Р»РёР·Р°С†РёСЏ РїРѕР»РЅРѕРіРѕ РєР°Р»СЊРєСѓР»СЏС‚РѕСЂР° 'РќР° РІСЃСЏРєРёР№ СЃР»СѓС‡Р°Р№'
2025-07-16 18:07:02,256 - justincase_calculator - INFO - вњ… Р’СЃРµ РєРѕСЌС„С„РёС†РёРµРЅС‚С‹ Рё С‚Р°Р±Р»РёС†С‹ Р·Р°РіСЂСѓР¶РµРЅС‹
2025-07-16 18:07:02,256 - justincase_calculator - INFO - рџ“Љ РђРєС‚СѓР°СЂРЅС‹Рµ С‚Р°Р±Р»РёС†С‹: 15 РІРѕР·СЂР°СЃС‚РѕРІ РјСѓР¶С‡РёРЅ, 15 РІРѕР·СЂР°СЃС‚РѕРІ Р¶РµРЅС‰РёРЅ
2025-07-16 18:07:02,257 - justincase_calculator - INFO - вљ™пёЏ РљР’ РєРѕСЌС„С„РёС†РёРµРЅС‚С‹: 30 СЃСЂРѕРєРѕРІ
2025-07-16 18:07:02,257 - justincase_calculator - INFO - рџЋЇ РўР°СЂРёС„С‹ РќРЎ: 4 РІРёРґРѕРІ
2025-07-16 18:07:02,257 - justincase_calculator - INFO - рџЏҐ РўР°СЂРёС„С‹ РљР—: 2 СЂРµРіРёРѕРЅРѕРІ
2025-07-16 18:07:02,257 - justincase_calculator - INFO - вњ… Р’Р°Р»РёРґР°С†РёСЏ РІС…РѕРґРЅС‹С… РґР°РЅРЅС‹С… РїСЂРѕР№РґРµРЅР°
2025-07-16 18:07:02,257 - justincase_calculator - INFO - рџљЂ РќР°С‡РёРЅР°РµРј РїРѕР»РЅС‹Р№ СЂР°СЃС‡РµС‚ РїСЂРѕРіСЂР°РјРјС‹ 'РќР° РІСЃСЏРєРёР№ СЃР»СѓС‡Р°Р№'
2025-07-16 18:07:02,257 - justincase_calculator - INFO - рџ“ќ Р’С…РѕРґРЅС‹Рµ РґР°РЅРЅС‹Рµ: ['birthDate', 'gender', 'insuranceInfo', 'insuranceTerm', 'insuranceSum', 'insuranceFrequency', 'accidentPackage', 'criticalPackage', 'treatmentRegion', 'sportPackage', 'hasJob', 'income2021', 'income2022', 'income2023', 'scholarship', 'unsecuredLoans', 'breadwinnerStatus', 'incomeShare', 'childrenCount', 'specialCareRelatives']
2025-07-16 18:07:02,257 - justincase_calculator - INFO - рџ‘¤ РљР»РёРµРЅС‚: 35 Р»РµС‚, male, СЃСѓРјРјР° 2,000,000, СЃСЂРѕРє 10 Р»РµС‚
2025-07-16 18:07:02,257 - justincase_calculator - INFO - рџ“Љ Р‘Р°Р·РѕРІР°СЏ РїСЂРµРјРёСЏ: РІРѕР·СЂР°СЃС‚ 35, РїРѕР» male, СЃСЂРѕРє 10
2025-07-16 18:07:02,257 - justincase_calculator - INFO -    РўР°СЂРёС„ РЅР° 1000: 9.1400
2025-07-16 18:07:02,257 - justincase_calculator - INFO -    Net-РїСЂРµРјРёСЏ: 18280.00 СЂСѓР±.
2025-07-16 18:07:02,257 - justincase_calculator - INFO -    Gross-РїСЂРµРјРёСЏ: 28123.08 СЂСѓР±.
2025-07-16 18:07:02,257 - justincase_calculator - INFO - рџ’Ґ РќРЎ РїСЂРµРјРёСЏ: СЃРїРѕСЂС‚ x1.3, РѕР±С‰Р°СЏ 11.18 СЂСѓР±.
2025-07-16 18:07:02,257 - justincase_calculator - INFO - рџЏҐ РљР— РїСЂРµРјРёСЏ: abroad, Р±Р°Р·Р° 51390, РёС‚РѕРіРѕ 86753.85 СЂСѓР±.
2025-07-16 18:07:02,258 - justincase_calculator - INFO - рџ’° РС‚РѕРіРѕРІР°СЏ РїСЂРµРјРёСЏ: 114888.11 СЂСѓР±. (Р•Р¶РµРіРѕРґРЅРѕ)
2025-07-16 18:07:02,258 - justincase_calculator - INFO - вњ… Р Р°СЃС‡РµС‚ РїСЂРѕРіСЂР°РјРјС‹ Р·Р°РІРµСЂС€РµРЅ СѓСЃРїРµС€РЅРѕ
2025-07-16 18:07:02,258 - server - INFO - рџ“¤ POST /api/justincase/calculate -> 200
2025-07-16 18:07:30,815 - server - INFO - рџ“Ё OPTIONS /api/justincase/calculate - 127.0.0.1
2025-07-16 18:07:30,816 - server - INFO - рџ“¤ OPTIONS /api/justincase/calculate -> 200
2025-07-16 18:07:31,065 - server - INFO - рџ“Ё POST /api/justincase/calculate - 127.0.0.1
2025-07-16 18:07:31,066 - server - INFO -    рџ“‹ JSON keys: ['birthDate', 'gender', 'insuranceInfo', 'insuranceTerm', 'insuranceSum', 'insuranceFrequency', 'accidentPackage', 'criticalPackage', 'treatmentRegion', 'sportPackage', 'hasJob', 'income2021', 'income2022', 'income2023', 'scholarship', 'unsecuredLoans', 'breadwinnerStatus', 'incomeShare', 'childrenCount', 'specialCareRelatives']
2025-07-16 18:07:31,066 - justincase_routes - INFO - рџЋЇ === Р РђРЎРЁРР Р•РќРќР«Р™ Р РђРЎР§Р•Рў ===
2025-07-16 18:07:31,066 - justincase_routes - INFO - рџ“‹ Content-Type: application/json
2025-07-16 18:07:31,066 - justincase_routes - INFO - рџ“Ґ JSON РїРѕР»СѓС‡РµРЅ: ['birthDate', 'gender', 'insuranceInfo', 'insuranceTerm', 'insuranceSum', 'insuranceFrequency', 'accidentPackage', 'criticalPackage', 'treatmentRegion', 'sportPackage', 'hasJob', 'income2021', 'income2022', 'income2023', 'scholarship', 'unsecuredLoans', 'breadwinnerStatus', 'incomeShare', 'childrenCount', 'specialCareRelatives']
2025-07-16 18:07:31,066 - justincase_calculator - INFO - рџљЂ РРЅРёС†РёР°Р»РёР·Р°С†РёСЏ РїРѕР»РЅРѕРіРѕ РєР°Р»СЊРєСѓР»СЏС‚РѕСЂР° 'РќР° РІСЃСЏРєРёР№ СЃР»СѓС‡Р°Р№'
2025-07-16 18:07:31,066 - justincase_calculator - INFO - вњ… Р’СЃРµ РєРѕСЌС„С„РёС†РёРµРЅС‚С‹ Рё С‚Р°Р±Р»РёС†С‹ Р·Р°РіСЂСѓР¶РµРЅС‹
2025-07-16 18:07:31,067 - justincase_calculator - INFO - рџ“Љ РђРєС‚СѓР°СЂРЅС‹Рµ С‚Р°Р±Р»РёС†С‹: 15 РІРѕР·СЂР°СЃС‚РѕРІ РјСѓР¶С‡РёРЅ, 15 РІРѕР·СЂР°СЃС‚РѕРІ Р¶РµРЅС‰РёРЅ
2025-07-16 18:07:31,067 - justincase_calculator - INFO - вљ™пёЏ РљР’ РєРѕСЌС„С„РёС†РёРµРЅС‚С‹: 30 СЃСЂРѕРєРѕРІ
2025-07-16 18:07:31,067 - justincase_calculator - INFO - рџЋЇ РўР°СЂРёС„С‹ РќРЎ: 4 РІРёРґРѕРІ
2025-07-16 18:07:31,067 - justincase_calculator - INFO - рџЏҐ РўР°СЂРёС„С‹ РљР—: 2 СЂРµРіРёРѕРЅРѕРІ
2025-07-16 18:07:31,067 - justincase_calculator - INFO - вњ… Р’Р°Р»РёРґР°С†РёСЏ РІС…РѕРґРЅС‹С… РґР°РЅРЅС‹С… РїСЂРѕР№РґРµРЅР°
2025-07-16 18:07:31,067 - justincase_calculator - INFO - рџљЂ РќР°С‡РёРЅР°РµРј РїРѕР»РЅС‹Р№ СЂР°СЃС‡РµС‚ РїСЂРѕРіСЂР°РјРјС‹ 'РќР° РІСЃСЏРєРёР№ СЃР»СѓС‡Р°Р№'
2025-07-16 18:07:31,067 - justincase_calculator - INFO - рџ“ќ Р’С…РѕРґРЅС‹Рµ РґР°РЅРЅС‹Рµ: ['birthDate', 'gender', 'insuranceInfo', 'insuranceTerm', 'insuranceSum', 'insuranceFrequency', 'accidentPackage', 'criticalPackage', 'treatmentRegion', 'sportPackage', 'hasJob', 'income2021', 'income2022', 'income2023', 'scholarship', 'unsecuredLoans', 'breadwinnerStatus', 'incomeShare', 'childrenCount', 'specialCareRelatives']
2025-07-16 18:07:31,067 - justincase_calculator - INFO - рџ‘¤ РљР»РёРµРЅС‚: 35 Р»РµС‚, male, СЃСѓРјРјР° 2,000,000, СЃСЂРѕРє 10 Р»РµС‚
2025-07-16 18:07:31,067 - justincase_calculator - INFO - рџ“Љ Р‘Р°Р·РѕРІР°СЏ РїСЂРµРјРёСЏ: РІРѕР·СЂР°СЃС‚ 35, РїРѕР» male, СЃСЂРѕРє 10
2025-07-16 18:07:31,067 - justincase_calculator - INFO -    РўР°СЂРёС„ РЅР° 1000: 9.1400
2025-07-16 18:07:31,067 - justincase_calculator - INFO -    Net-РїСЂРµРјРёСЏ: 18280.00 СЂСѓР±.
2025-07-16 18:07:31,067 - justincase_calculator - INFO -    Gross-РїСЂРµРјРёСЏ: 28123.08 СЂСѓР±.
2025-07-16 18:07:31,068 - justincase_calculator - INFO - рџ’Ґ РќРЎ РїСЂРµРјРёСЏ: СЃРїРѕСЂС‚ x1.3, РѕР±С‰Р°СЏ 11.18 СЂСѓР±.
2025-07-16 18:07:31,068 - justincase_calculator - INFO - рџЏҐ РљР— РїСЂРµРјРёСЏ: abroad, Р±Р°Р·Р° 51390, РёС‚РѕРіРѕ 86753.85 СЂСѓР±.
2025-07-16 18:07:31,068 - justincase_calculator - INFO - рџ’° РС‚РѕРіРѕРІР°СЏ РїСЂРµРјРёСЏ: 114888.11 СЂСѓР±. (Р•Р¶РµРіРѕРґРЅРѕ)
2025-07-16 18:07:31,068 - justincase_calculator - INFO - вњ… Р Р°СЃС‡РµС‚ РїСЂРѕРіСЂР°РјРјС‹ Р·Р°РІРµСЂС€РµРЅ СѓСЃРїРµС€РЅРѕ
2025-07-16 18:07:31,068 - server - INFO - рџ“¤ POST /api/justincase/calculate -> 200
2025-07-16 18:18:00,139 - server - INFO - рџ”Ќ Incoming request: POST /proxy/calculator/save
2025-07-16 18:36:31,909 - server - INFO - Socket.IO: running without Redis message queue
2025-07-16 18:36:31,911 - db_saver - INFO - РСЃРїРѕР»СЊР·СѓСЋ Р±Р°Р·Сѓ РґР°РЅРЅС‹С…: postgresql://postgres:secret@176.109.110.217:1112/postgres
2025-07-16 18:36:38,606 - db_saver - INFO - РўР°Р±Р»РёС†С‹ СЃРѕР·РґР°РЅС‹ (РёР»Рё СѓР¶Рµ СЃСѓС‰РµСЃС‚РІСѓСЋС‚)
2025-07-16 18:36:41,451 - care_future_models - INFO - Р‘Р” РєР°Р»СЊРєСѓР»СЏС‚РѕСЂР° РќРЎР– РёРЅРёС†РёР°Р»РёР·РёСЂРѕРІР°РЅР°: {'survival_coefficients_count': 16, 'risk_tariffs_count': 16, 'redemption_terms_count': 16, 'available_terms': [5, 6, 7, 8, 9, 10, 11, 12, 13, 14, 15, 16, 17, 18, 19, 20], 'calculations_count': 117}
2025-07-16 18:36:41,767 - care_future_routes_updated - INFO - вњ… Care Future routes СЃ РёСЃРїСЂР°РІР»РµРЅРЅРѕР№ Р»РѕРіРёРєРѕР№ Р·Р°СЂРµРіРёСЃС‚СЂРёСЂРѕРІР°РЅС‹ СѓСЃРїРµС€РЅРѕ
2025-07-16 18:36:41,767 - NSJCalculator - INFO - рџ§® РќР°С‡РёРЅР°РµРј СЂР°СЃС‡РµС‚: from_premium, СЃСѓРјРјР°: 960000, СЃСЂРѕРє: 5
2025-07-16 18:36:41,767 - NSJCalculator - INFO - рџ“… Р’РѕР·СЂР°СЃС‚ РЅР° РЅР°С‡Р°Р»Рѕ: 35, РЅР° РѕРєРѕРЅС‡Р°РЅРёРµ: 40
2025-07-16 18:36:41,767 - NSJCalculator - INFO - рџ“Љ Р Р°СЃС‡РµС‚ СЃС‚СЂР°С…РѕРІРѕР№ СЃСѓРјРјС‹:
2025-07-16 18:36:41,768 - NSJCalculator - INFO -    РџСЂРµРјРёСЏ: 960,000 СЂСѓР±.
2025-07-16 18:36:41,768 - NSJCalculator - INFO -    РЎСЂРѕРє: 5 Р»РµС‚
2025-07-16 18:36:41,768 - NSJCalculator - INFO -    РљРѕСЌС„С„РёС†РёРµРЅС‚ РґРѕР¶РёС‚РёСЏ: 1.34
2025-07-16 18:36:41,768 - NSJCalculator - INFO -    Р РµР·СѓР»СЊС‚Р°С‚: 960000 * 5 * 1.34 = 6,432,000 СЂСѓР±.
2025-07-16 18:36:41,768 - NSJCalculator - INFO - рџ’° РџСЂРµРјРёСЏ: 960000, РЎС‚СЂР°С…РѕРІР°СЏ СЃСѓРјРјР°: 6432000
2025-07-16 18:36:41,768 - NSJCalculator - INFO - рџ“Љ РљСЌС€Р±СЌРє РґР»СЏ СЃСЂРѕРєР° 5 Р»РµС‚: 0.3400
2025-07-16 18:36:41,768 - NSJCalculator - INFO - рџ’° РќР°Р»РѕРіРѕРІС‹Р№ РІС‹С‡РµС‚: 19500/РіРѕРґ Г— 5 Р»РµС‚ = 97500
2025-07-16 18:36:42,744 - NSJCalculator - INFO - рџ’ѕ Р Р°СЃС‡РµС‚ СЃРѕС…СЂР°РЅРµРЅ РІ Р‘Р”: d3e34809-12b2-4435-981f-74ffd0e2635a
2025-07-16 18:36:42,744 - NSJCalculator - INFO - вњ… Р Р°СЃС‡РµС‚ Р·Р°РІРµСЂС€РµРЅ СѓСЃРїРµС€РЅРѕ: d3e34809-12b2-4435-981f-74ffd0e2635a
2025-07-16 18:36:42,744 - care_future_routes_updated - INFO - вњ… РСЃРїСЂР°РІР»РµРЅРЅС‹Р№ РєР°Р»СЊРєСѓР»СЏС‚РѕСЂ РќРЎР– РіРѕС‚РѕРІ Рє СЂР°Р±РѕС‚Рµ: d3e34809-12b2-4435-981f-74ffd0e2635a
2025-07-16 18:36:42,744 - care_future_routes_updated - INFO - рџ“Ќ Р”РѕСЃС‚СѓРїРЅС‹Рµ endpoints:
2025-07-16 18:36:42,744 - care_future_routes_updated - INFO -   - POST /api/care-future/calculate (РёСЃРїСЂР°РІР»РµРЅРЅР°СЏ Р»РѕРіРёРєР°)
2025-07-16 18:36:42,744 - care_future_routes_updated - INFO -   - GET  /api/care-future/test-excel-logic
2025-07-16 18:36:42,744 - care_future_routes_updated - INFO -   - GET  /api/care-future/admin/status
2025-07-16 18:36:42,746 - justincase_routes - INFO - вњ… РњР°СЂС€СЂСѓС‚С‹ РїРѕР»РЅРѕРіРѕ РєР°Р»СЊРєСѓР»СЏС‚РѕСЂР° 'РќР° РІСЃСЏРєРёР№ СЃР»СѓС‡Р°Р№' Р·Р°СЂРµРіРёСЃС‚СЂРёСЂРѕРІР°РЅС‹
2025-07-16 18:36:42,746 - justincase_calculator - INFO - рџљЂ РРЅРёС†РёР°Р»РёР·Р°С†РёСЏ РїРѕР»РЅРѕРіРѕ РєР°Р»СЊРєСѓР»СЏС‚РѕСЂР° 'РќР° РІСЃСЏРєРёР№ СЃР»СѓС‡Р°Р№'
2025-07-16 18:36:42,746 - justincase_calculator - INFO - вњ… Р’СЃРµ РєРѕСЌС„С„РёС†РёРµРЅС‚С‹ Рё С‚Р°Р±Р»РёС†С‹ Р·Р°РіСЂСѓР¶РµРЅС‹
2025-07-16 18:36:42,746 - justincase_calculator - INFO - рџ“Љ РђРєС‚СѓР°СЂРЅС‹Рµ С‚Р°Р±Р»РёС†С‹: 15 РІРѕР·СЂР°СЃС‚РѕРІ РјСѓР¶С‡РёРЅ, 15 РІРѕР·СЂР°СЃС‚РѕРІ Р¶РµРЅС‰РёРЅ
2025-07-16 18:36:42,746 - justincase_calculator - INFO - вљ™пёЏ РљР’ РєРѕСЌС„С„РёС†РёРµРЅС‚С‹: 30 СЃСЂРѕРєРѕРІ
2025-07-16 18:36:42,746 - justincase_calculator - INFO - рџЋЇ РўР°СЂРёС„С‹ РќРЎ: 4 РІРёРґРѕРІ
2025-07-16 18:36:42,746 - justincase_calculator - INFO - рџЏҐ РўР°СЂРёС„С‹ РљР—: 2 СЂРµРіРёРѕРЅРѕРІ
2025-07-16 18:36:42,748 - justincase_calculator - INFO - вњ… Р’Р°Р»РёРґР°С†РёСЏ РІС…РѕРґРЅС‹С… РґР°РЅРЅС‹С… РїСЂРѕР№РґРµРЅР°
2025-07-16 18:36:42,748 - justincase_calculator - INFO - рџљЂ РќР°С‡РёРЅР°РµРј РїРѕР»РЅС‹Р№ СЂР°СЃС‡РµС‚ РїСЂРѕРіСЂР°РјРјС‹ 'РќР° РІСЃСЏРєРёР№ СЃР»СѓС‡Р°Р№'
2025-07-16 18:36:42,748 - justincase_calculator - INFO - рџ“ќ Р’С…РѕРґРЅС‹Рµ РґР°РЅРЅС‹Рµ: ['birthDate', 'gender', 'insuranceInfo', 'insuranceTerm', 'insuranceSum']
2025-07-16 18:36:42,748 - justincase_calculator - INFO - рџ‘¤ РљР»РёРµРЅС‚: 35 Р»РµС‚, male, СЃСѓРјРјР° 1,000,000, СЃСЂРѕРє 5 Р»РµС‚
2025-07-16 18:36:42,748 - justincase_calculator - INFO - рџ“Љ Р‘Р°Р·РѕРІР°СЏ РїСЂРµРјРёСЏ: РІРѕР·СЂР°СЃС‚ 35, РїРѕР» male, СЃСЂРѕРє 5
2025-07-16 18:36:42,748 - justincase_calculator - INFO -    РўР°СЂРёС„ РЅР° 1000: 8.5620
2025-07-16 18:36:42,748 - justincase_calculator - INFO -    Net-РїСЂРµРјРёСЏ: 8562.00 СЂСѓР±.
2025-07-16 18:36:42,749 - justincase_calculator - INFO -    Gross-РїСЂРµРјРёСЏ: 13172.31 СЂСѓР±.
2025-07-16 18:36:42,749 - justincase_calculator - INFO - рџ’° РС‚РѕРіРѕРІР°СЏ РїСЂРµРјРёСЏ: 13172.31 СЂСѓР±. (Р•Р¶РµРіРѕРґРЅРѕ)
2025-07-16 18:36:42,749 - justincase_calculator - INFO - вњ… Р Р°СЃС‡РµС‚ РїСЂРѕРіСЂР°РјРјС‹ Р·Р°РІРµСЂС€РµРЅ СѓСЃРїРµС€РЅРѕ
2025-07-16 18:36:42,749 - justincase_routes - INFO - вњ… РџРѕР»РЅС‹Р№ РєР°Р»СЊРєСѓР»СЏС‚РѕСЂ РіРѕС‚РѕРІ: С‚РµСЃС‚-РїСЂРµРјРёСЏ 13,172.31 СЂСѓР±.
2025-07-16 18:36:42,750 - justincase_routes - INFO - рџ“Ќ Р”РѕСЃС‚СѓРїРЅС‹Рµ endpoints:
2025-07-16 18:36:42,750 - justincase_routes - INFO -   - POST /api/proxy/calculator/save (РѕСЃРЅРѕРІРЅРѕР№, РґР»СЏ С„СЂРѕРЅС‚РµРЅРґР°)
2025-07-16 18:36:42,750 - justincase_routes - INFO -   - POST /api/justincase/calculate (СЂР°СЃС€РёСЂРµРЅРЅС‹Р№)
2025-07-16 18:36:42,750 - justincase_routes - INFO -   - POST /api/justincase/validate (РІР°Р»РёРґР°С†РёСЏ)
2025-07-16 18:36:42,750 - justincase_routes - INFO -   - POST /api/justincase/validate-sum (РІР°Р»РёРґР°С†РёСЏ СЃСѓРјРјС‹)
2025-07-16 18:36:42,750 - justincase_routes - INFO -   - POST /api/justincase/recommend-sum (СЂРµРєРѕРјРµРЅРґСѓРµРјР°СЏ СЃСѓРјРјР°)
2025-07-16 18:36:42,750 - justincase_routes - INFO -   - GET  /api/justincase/config (РєРѕРЅС„РёРіСѓСЂР°С†РёСЏ)
2025-07-16 18:36:42,751 - justincase_routes - INFO -   - GET  /api/justincase/test (С‚РµСЃС‚РёСЂРѕРІР°РЅРёРµ)
2025-07-16 18:36:42,751 - justincase_routes - INFO -   - GET  /api/justincase/status (СЃС‚Р°С‚СѓСЃ)
2025-07-16 18:36:42,755 - server - INFO - рџљЂ Starting MiniApp Server...
2025-07-16 18:36:42,755 - server - INFO - вњ… Build folder found with 3 items
2025-07-16 18:36:42,755 - server - INFO - рџ“§ Email configured: rgszh-miniapp@yandex.ru -> zerotlt@mail.ru, Polina.Iureva@rgsl.ru
2025-07-16 18:36:42,755 - server - INFO - рџ“§ Additional recipient configured: Polina.Iureva@rgsl.ru
2025-07-16 18:36:42,755 - server - INFO - рџ§® Care Future РєР°Р»СЊРєСѓР»СЏС‚РѕСЂ РќРЎР–: Р”РћРЎРўРЈРџР•Рќ
2025-07-16 18:36:42,755 - server - INFO - рџ“Ќ Endpoints: /api/care-future/* Рё /care-future/calculate
2025-07-16 18:36:42,756 - server - INFO - рџ“Ќ Server will run on port 4000
2025-07-16 18:36:42,757 - server - INFO - рџ“Ќ Open http://localhost:4000/ in your browser
2025-07-16 18:36:59,519 - server - INFO - рџ”Ќ Incoming request: POST /proxy/calculator/save
2025-07-16 18:41:55,260 - server - INFO - рџ”Ќ Incoming request: POST /proxy/calculator/save
2025-07-17 09:37:21,304 - server - INFO - Socket.IO: running without Redis message queue
2025-07-17 09:37:21,306 - db_saver - INFO - РСЃРїРѕР»СЊР·СѓСЋ Р±Р°Р·Сѓ РґР°РЅРЅС‹С…: postgresql://postgres:secret@176.109.110.217:1112/postgres
2025-07-17 09:37:27,884 - db_saver - INFO - РўР°Р±Р»РёС†С‹ СЃРѕР·РґР°РЅС‹ (РёР»Рё СѓР¶Рµ СЃСѓС‰РµСЃС‚РІСѓСЋС‚)
2025-07-17 09:37:30,692 - care_future_models - INFO - Р‘Р” РєР°Р»СЊРєСѓР»СЏС‚РѕСЂР° РќРЎР– РёРЅРёС†РёР°Р»РёР·РёСЂРѕРІР°РЅР°: {'survival_coefficients_count': 16, 'risk_tariffs_count': 16, 'redemption_terms_count': 16, 'available_terms': [5, 6, 7, 8, 9, 10, 11, 12, 13, 14, 15, 16, 17, 18, 19, 20], 'calculations_count': 118}
2025-07-17 09:37:31,004 - care_future_routes_updated - INFO - вњ… Care Future routes СЃ РёСЃРїСЂР°РІР»РµРЅРЅРѕР№ Р»РѕРіРёРєРѕР№ Р·Р°СЂРµРіРёСЃС‚СЂРёСЂРѕРІР°РЅС‹ СѓСЃРїРµС€РЅРѕ
2025-07-17 09:37:31,004 - NSJCalculator - INFO - рџ§® РќР°С‡РёРЅР°РµРј СЂР°СЃС‡РµС‚: from_premium, СЃСѓРјРјР°: 960000, СЃСЂРѕРє: 5
2025-07-17 09:37:31,004 - NSJCalculator - INFO - рџ“… Р’РѕР·СЂР°СЃС‚ РЅР° РЅР°С‡Р°Р»Рѕ: 35, РЅР° РѕРєРѕРЅС‡Р°РЅРёРµ: 40
2025-07-17 09:37:31,004 - NSJCalculator - INFO - рџ“Љ Р Р°СЃС‡РµС‚ СЃС‚СЂР°С…РѕРІРѕР№ СЃСѓРјРјС‹:
2025-07-17 09:37:31,004 - NSJCalculator - INFO -    РџСЂРµРјРёСЏ: 960,000 СЂСѓР±.
2025-07-17 09:37:31,004 - NSJCalculator - INFO -    РЎСЂРѕРє: 5 Р»РµС‚
2025-07-17 09:37:31,005 - NSJCalculator - INFO -    РљРѕСЌС„С„РёС†РёРµРЅС‚ РґРѕР¶РёС‚РёСЏ: 1.34
2025-07-17 09:37:31,005 - NSJCalculator - INFO -    Р РµР·СѓР»СЊС‚Р°С‚: 960000 * 5 * 1.34 = 6,432,000 СЂСѓР±.
2025-07-17 09:37:31,005 - NSJCalculator - INFO - рџ’° РџСЂРµРјРёСЏ: 960000, РЎС‚СЂР°С…РѕРІР°СЏ СЃСѓРјРјР°: 6432000
2025-07-17 09:37:31,005 - NSJCalculator - INFO - рџ“Љ РљСЌС€Р±СЌРє РґР»СЏ СЃСЂРѕРєР° 5 Р»РµС‚: 0.3400
2025-07-17 09:37:31,005 - NSJCalculator - INFO - рџ’° РќР°Р»РѕРіРѕРІС‹Р№ РІС‹С‡РµС‚: 19500/РіРѕРґ Г— 5 Р»РµС‚ = 97500
2025-07-17 09:37:31,944 - NSJCalculator - INFO - рџ’ѕ Р Р°СЃС‡РµС‚ СЃРѕС…СЂР°РЅРµРЅ РІ Р‘Р”: 75d66337-d65a-49c5-b9ab-e31323b42d7f
2025-07-17 09:37:31,944 - NSJCalculator - INFO - вњ… Р Р°СЃС‡РµС‚ Р·Р°РІРµСЂС€РµРЅ СѓСЃРїРµС€РЅРѕ: 75d66337-d65a-49c5-b9ab-e31323b42d7f
2025-07-17 09:37:31,944 - care_future_routes_updated - INFO - вњ… РСЃРїСЂР°РІР»РµРЅРЅС‹Р№ РєР°Р»СЊРєСѓР»СЏС‚РѕСЂ РќРЎР– РіРѕС‚РѕРІ Рє СЂР°Р±РѕС‚Рµ: 75d66337-d65a-49c5-b9ab-e31323b42d7f
2025-07-17 09:37:31,945 - care_future_routes_updated - INFO - рџ“Ќ Р”РѕСЃС‚СѓРїРЅС‹Рµ endpoints:
2025-07-17 09:37:31,945 - care_future_routes_updated - INFO -   - POST /api/care-future/calculate (РёСЃРїСЂР°РІР»РµРЅРЅР°СЏ Р»РѕРіРёРєР°)
2025-07-17 09:37:31,945 - care_future_routes_updated - INFO -   - GET  /api/care-future/test-excel-logic
2025-07-17 09:37:31,945 - care_future_routes_updated - INFO -   - GET  /api/care-future/admin/status
2025-07-17 09:37:31,948 - justincase_routes - INFO - вњ… РњР°СЂС€СЂСѓС‚С‹ РїРѕР»РЅРѕРіРѕ РєР°Р»СЊРєСѓР»СЏС‚РѕСЂР° 'РќР° РІСЃСЏРєРёР№ СЃР»СѓС‡Р°Р№' Р·Р°СЂРµРіРёСЃС‚СЂРёСЂРѕРІР°РЅС‹
2025-07-17 09:37:31,948 - justincase_calculator - INFO - рџљЂ РРЅРёС†РёР°Р»РёР·Р°С†РёСЏ РїРѕР»РЅРѕРіРѕ РєР°Р»СЊРєСѓР»СЏС‚РѕСЂР° 'РќР° РІСЃСЏРєРёР№ СЃР»СѓС‡Р°Р№'
2025-07-17 09:37:31,949 - justincase_calculator - INFO - вњ… Р’СЃРµ РєРѕСЌС„С„РёС†РёРµРЅС‚С‹ Рё С‚Р°Р±Р»РёС†С‹ Р·Р°РіСЂСѓР¶РµРЅС‹
2025-07-17 09:37:31,949 - justincase_calculator - INFO - рџ“Љ РђРєС‚СѓР°СЂРЅС‹Рµ С‚Р°Р±Р»РёС†С‹: 15 РІРѕР·СЂР°СЃС‚РѕРІ РјСѓР¶С‡РёРЅ, 15 РІРѕР·СЂР°СЃС‚РѕРІ Р¶РµРЅС‰РёРЅ
2025-07-17 09:37:31,949 - justincase_calculator - INFO - вљ™пёЏ РљР’ РєРѕСЌС„С„РёС†РёРµРЅС‚С‹: 30 СЃСЂРѕРєРѕРІ
2025-07-17 09:37:31,949 - justincase_calculator - INFO - рџЋЇ РўР°СЂРёС„С‹ РќРЎ: 4 РІРёРґРѕРІ
2025-07-17 09:37:31,949 - justincase_calculator - INFO - рџЏҐ РўР°СЂРёС„С‹ РљР—: 2 СЂРµРіРёРѕРЅРѕРІ
2025-07-17 09:37:31,952 - justincase_calculator - INFO - вњ… Р’Р°Р»РёРґР°С†РёСЏ РІС…РѕРґРЅС‹С… РґР°РЅРЅС‹С… РїСЂРѕР№РґРµРЅР°
2025-07-17 09:37:31,952 - justincase_calculator - INFO - рџљЂ РќР°С‡РёРЅР°РµРј РїРѕР»РЅС‹Р№ СЂР°СЃС‡РµС‚ РїСЂРѕРіСЂР°РјРјС‹ 'РќР° РІСЃСЏРєРёР№ СЃР»СѓС‡Р°Р№'
2025-07-17 09:37:31,952 - justincase_calculator - INFO - рџ“ќ Р’С…РѕРґРЅС‹Рµ РґР°РЅРЅС‹Рµ: ['birthDate', 'gender', 'insuranceInfo', 'insuranceTerm', 'insuranceSum']
2025-07-17 09:37:31,952 - justincase_calculator - INFO - рџ‘¤ РљР»РёРµРЅС‚: 35 Р»РµС‚, male, СЃСѓРјРјР° 1,000,000, СЃСЂРѕРє 5 Р»РµС‚
2025-07-17 09:37:31,952 - justincase_calculator - INFO - рџ“Љ Р‘Р°Р·РѕРІР°СЏ РїСЂРµРјРёСЏ: РІРѕР·СЂР°СЃС‚ 35, РїРѕР» male, СЃСЂРѕРє 5
2025-07-17 09:37:31,953 - justincase_calculator - INFO -    РўР°СЂРёС„ РЅР° 1000: 8.5620
2025-07-17 09:37:31,953 - justincase_calculator - INFO -    Net-РїСЂРµРјРёСЏ: 8562.00 СЂСѓР±.
2025-07-17 09:37:31,953 - justincase_calculator - INFO -    Gross-РїСЂРµРјРёСЏ: 13172.31 СЂСѓР±.
2025-07-17 09:37:31,953 - justincase_calculator - INFO - рџ’° РС‚РѕРіРѕРІР°СЏ РїСЂРµРјРёСЏ: 13172.31 СЂСѓР±. (Р•Р¶РµРіРѕРґРЅРѕ)
2025-07-17 09:37:31,953 - justincase_calculator - INFO - вњ… Р Р°СЃС‡РµС‚ РїСЂРѕРіСЂР°РјРјС‹ Р·Р°РІРµСЂС€РµРЅ СѓСЃРїРµС€РЅРѕ
2025-07-17 09:37:31,953 - justincase_routes - INFO - вњ… РџРѕР»РЅС‹Р№ РєР°Р»СЊРєСѓР»СЏС‚РѕСЂ РіРѕС‚РѕРІ: С‚РµСЃС‚-РїСЂРµРјРёСЏ 13,172.31 СЂСѓР±.
2025-07-17 09:37:31,953 - justincase_routes - INFO - рџ“Ќ Р”РѕСЃС‚СѓРїРЅС‹Рµ endpoints:
2025-07-17 09:37:31,953 - justincase_routes - INFO -   - POST /api/proxy/calculator/save (РѕСЃРЅРѕРІРЅРѕР№, РґР»СЏ С„СЂРѕРЅС‚РµРЅРґР°)
2025-07-17 09:37:31,954 - justincase_routes - INFO -   - POST /api/justincase/calculate (СЂР°СЃС€РёСЂРµРЅРЅС‹Р№)
2025-07-17 09:37:31,954 - justincase_routes - INFO -   - POST /api/justincase/validate (РІР°Р»РёРґР°С†РёСЏ)
2025-07-17 09:37:31,954 - justincase_routes - INFO -   - POST /api/justincase/validate-sum (РІР°Р»РёРґР°С†РёСЏ СЃСѓРјРјС‹)
2025-07-17 09:37:31,954 - justincase_routes - INFO -   - POST /api/justincase/recommend-sum (СЂРµРєРѕРјРµРЅРґСѓРµРјР°СЏ СЃСѓРјРјР°)
2025-07-17 09:37:31,954 - justincase_routes - INFO -   - GET  /api/justincase/config (РєРѕРЅС„РёРіСѓСЂР°С†РёСЏ)
2025-07-17 09:37:31,954 - justincase_routes - INFO -   - GET  /api/justincase/test (С‚РµСЃС‚РёСЂРѕРІР°РЅРёРµ)
2025-07-17 09:37:31,954 - justincase_routes - INFO -   - GET  /api/justincase/status (СЃС‚Р°С‚СѓСЃ)
2025-07-17 09:37:31,962 - server - INFO - рџљЂ Starting MiniApp Server...
2025-07-17 09:37:31,962 - server - INFO - вњ… Build folder found with 3 items
2025-07-17 09:37:31,962 - server - INFO - рџ“§ Email configured: rgszh-miniapp@yandex.ru -> zerotlt@mail.ru, Polina.Iureva@rgsl.ru
2025-07-17 09:37:31,962 - server - INFO - рџ“§ Additional recipient configured: Polina.Iureva@rgsl.ru
2025-07-17 09:37:31,963 - server - INFO - рџ§® Care Future РєР°Р»СЊРєСѓР»СЏС‚РѕСЂ РќРЎР–: Р”РћРЎРўРЈРџР•Рќ
2025-07-17 09:37:31,963 - server - INFO - рџ“Ќ Endpoints: /api/care-future/* Рё /care-future/calculate
2025-07-17 09:37:31,965 - server - INFO - рџ“Ќ Server will run on port 4000
2025-07-17 09:37:31,965 - server - INFO - рџ“Ќ Open http://localhost:4000/ in your browser
2025-07-17 09:38:04,198 - server - INFO - рџ”Ќ Incoming request: POST /proxy/calculator/save
2025-07-17 09:40:07,872 - server - INFO - Socket.IO: running without Redis message queue
2025-07-17 09:40:07,873 - db_saver - INFO - РСЃРїРѕР»СЊР·СѓСЋ Р±Р°Р·Сѓ РґР°РЅРЅС‹С…: postgresql://postgres:secret@176.109.110.217:1112/postgres
2025-07-17 09:40:14,425 - db_saver - INFO - РўР°Р±Р»РёС†С‹ СЃРѕР·РґР°РЅС‹ (РёР»Рё СѓР¶Рµ СЃСѓС‰РµСЃС‚РІСѓСЋС‚)
2025-07-17 09:40:17,220 - care_future_models - INFO - Р‘Р” РєР°Р»СЊРєСѓР»СЏС‚РѕСЂР° РќРЎР– РёРЅРёС†РёР°Р»РёР·РёСЂРѕРІР°РЅР°: {'survival_coefficients_count': 16, 'risk_tariffs_count': 16, 'redemption_terms_count': 16, 'available_terms': [5, 6, 7, 8, 9, 10, 11, 12, 13, 14, 15, 16, 17, 18, 19, 20], 'calculations_count': 119}
2025-07-17 09:40:17,531 - care_future_routes_updated - INFO - вњ… Care Future routes СЃ РёСЃРїСЂР°РІР»РµРЅРЅРѕР№ Р»РѕРіРёРєРѕР№ Р·Р°СЂРµРіРёСЃС‚СЂРёСЂРѕРІР°РЅС‹ СѓСЃРїРµС€РЅРѕ
2025-07-17 09:40:17,531 - NSJCalculator - INFO - рџ§® РќР°С‡РёРЅР°РµРј СЂР°СЃС‡РµС‚: from_premium, СЃСѓРјРјР°: 960000, СЃСЂРѕРє: 5
2025-07-17 09:40:17,531 - NSJCalculator - INFO - рџ“… Р’РѕР·СЂР°СЃС‚ РЅР° РЅР°С‡Р°Р»Рѕ: 35, РЅР° РѕРєРѕРЅС‡Р°РЅРёРµ: 40
2025-07-17 09:40:17,532 - NSJCalculator - INFO - рџ“Љ Р Р°СЃС‡РµС‚ СЃС‚СЂР°С…РѕРІРѕР№ СЃСѓРјРјС‹:
2025-07-17 09:40:17,532 - NSJCalculator - INFO -    РџСЂРµРјРёСЏ: 960,000 СЂСѓР±.
2025-07-17 09:40:17,532 - NSJCalculator - INFO -    РЎСЂРѕРє: 5 Р»РµС‚
2025-07-17 09:40:17,532 - NSJCalculator - INFO -    РљРѕСЌС„С„РёС†РёРµРЅС‚ РґРѕР¶РёС‚РёСЏ: 1.34
2025-07-17 09:40:17,532 - NSJCalculator - INFO -    Р РµР·СѓР»СЊС‚Р°С‚: 960000 * 5 * 1.34 = 6,432,000 СЂСѓР±.
2025-07-17 09:40:17,532 - NSJCalculator - INFO - рџ’° РџСЂРµРјРёСЏ: 960000, РЎС‚СЂР°С…РѕРІР°СЏ СЃСѓРјРјР°: 6432000
2025-07-17 09:40:17,532 - NSJCalculator - INFO - рџ“Љ РљСЌС€Р±СЌРє РґР»СЏ СЃСЂРѕРєР° 5 Р»РµС‚: 0.3400
2025-07-17 09:40:17,532 - NSJCalculator - INFO - рџ’° РќР°Р»РѕРіРѕРІС‹Р№ РІС‹С‡РµС‚: 19500/РіРѕРґ Г— 5 Р»РµС‚ = 97500
2025-07-17 09:40:18,463 - NSJCalculator - INFO - рџ’ѕ Р Р°СЃС‡РµС‚ СЃРѕС…СЂР°РЅРµРЅ РІ Р‘Р”: c9423d75-7b83-4eb3-8737-d3ee779041ec
2025-07-17 09:40:18,464 - NSJCalculator - INFO - вњ… Р Р°СЃС‡РµС‚ Р·Р°РІРµСЂС€РµРЅ СѓСЃРїРµС€РЅРѕ: c9423d75-7b83-4eb3-8737-d3ee779041ec
2025-07-17 09:40:18,464 - care_future_routes_updated - INFO - вњ… РСЃРїСЂР°РІР»РµРЅРЅС‹Р№ РєР°Р»СЊРєСѓР»СЏС‚РѕСЂ РќРЎР– РіРѕС‚РѕРІ Рє СЂР°Р±РѕС‚Рµ: c9423d75-7b83-4eb3-8737-d3ee779041ec
2025-07-17 09:40:18,464 - care_future_routes_updated - INFO - рџ“Ќ Р”РѕСЃС‚СѓРїРЅС‹Рµ endpoints:
2025-07-17 09:40:18,464 - care_future_routes_updated - INFO -   - POST /api/care-future/calculate (РёСЃРїСЂР°РІР»РµРЅРЅР°СЏ Р»РѕРіРёРєР°)
2025-07-17 09:40:18,464 - care_future_routes_updated - INFO -   - GET  /api/care-future/test-excel-logic
2025-07-17 09:40:18,464 - care_future_routes_updated - INFO -   - GET  /api/care-future/admin/status
2025-07-17 09:40:18,467 - server - INFO - рџљЂ Starting MiniApp Server...
2025-07-17 09:40:18,468 - server - INFO - вњ… Build folder found with 3 items
2025-07-17 09:40:18,468 - server - INFO - рџ“§ Email configured: rgszh-miniapp@yandex.ru -> zerotlt@mail.ru, Polina.Iureva@rgsl.ru
2025-07-17 09:40:18,468 - server - INFO - рџ“§ Additional recipient configured: Polina.Iureva@rgsl.ru
2025-07-17 09:40:18,468 - server - INFO - рџ§® Care Future РєР°Р»СЊРєСѓР»СЏС‚РѕСЂ РќРЎР–: Р”РћРЎРўРЈРџР•Рќ
2025-07-17 09:40:18,468 - server - INFO - рџ“Ќ Endpoints: /api/care-future/* Рё /care-future/calculate
2025-07-17 09:40:18,469 - server - INFO - рџ“Ќ Server will run on port 4000
2025-07-17 09:40:18,469 - server - INFO - рџ“Ќ Open http://localhost:4000/ in your browser
2025-07-17 09:40:29,926 - server - INFO - рџ”Ќ Incoming request: POST /proxy/calculator/save
